# JRE version: OpenJDK Runtime Environment (17.0.6) (build 17.0.6+0-b2043.56-10027231)
# Java VM: OpenJDK 64-Bit Server VM (17.0.6+0-b2043.56-10027231, mixed mode, tiered, compressed oops, compressed class ptrs, g1 gc, windows-amd64)
GC Precious Log:
 CPUs: 16 total, 16 available
 Memory: 13501M
 Large Page Support: Disabled
 NUMA Support: Disabled
 Compressed Oops: Enabled (32-bit)
 Heap Region Size: 1M
 Heap Min Capacity: 8M
 Heap Initial Capacity: 212M
 Heap Max Capacity: 2G
 Pre-touch: Disabled
 Parallel Workers: 13
 Concurrent Workers: 3
 Concurrent Refinement Workers: 13
 Periodic GC: Disabled
Heap:
 garbage-first heap   total 314368K, used 246784K [0x0000000080000000, 0x0000000100000000)
  region size 1024K, 4 young (4096K), 4 survivors (4096K)
 Metaspace       used 182865K, committed 183808K, reserved 1212416K
  class space    used 24249K, committed 24704K, reserved 1048576K
GC Heap History (20 events):
Event: 21.253 GC heap after
{Heap after GC invocations=73 (full 0):
 garbage-first heap   total 314368K, used 191949K [0x0000000080000000, 0x0000000100000000)
  region size 1024K, 2 young (2048K), 2 survivors (2048K)
 Metaspace       used 165977K, committed 166784K, reserved 1196032K
  class space    used 21415K, committed 21824K, reserved 1048576K
}
Event: 21.394 GC heap before
{Heap before GC invocations=73 (full 0):
 garbage-first heap   total 314368K, used 258509K [0x0000000080000000, 0x0000000100000000)
  region size 1024K, 67 young (68608K), 2 survivors (2048K)
 Metaspace       used 165979K, committed 166848K, reserved 1196032K
  class space    used 21415K, committed 21824K, reserved 1048576K
}
Event: 21.396 GC heap after
{Heap after GC invocations=74 (full 0):
 garbage-first heap   total 314368K, used 192267K [0x0000000080000000, 0x0000000100000000)
  region size 1024K, 2 young (2048K), 2 survivors (2048K)
 Metaspace       used 165979K, committed 166848K, reserved 1196032K
  class space    used 21415K, committed 21824K, reserved 1048576K
}
Event: 22.263 GC heap before
{Heap before GC invocations=74 (full 0):
 garbage-first heap   total 314368K, used 263947K [0x0000000080000000, 0x0000000100000000)
  region size 1024K, 71 young (72704K), 2 survivors (2048K)
 Metaspace       used 167133K, committed 168064K, reserved 1196032K
  class space    used 21549K, committed 22016K, reserved 1048576K
}
Event: 22.265 GC heap after
{Heap after GC invocations=75 (full 0):
 garbage-first heap   total 314368K, used 189870K [0x0000000080000000, 0x0000000100000000)
  region size 1024K, 2 young (2048K), 2 survivors (2048K)
 Metaspace       used 167133K, committed 168064K, reserved 1196032K
  class space    used 21549K, committed 22016K, reserved 1048576K
}
Event: 24.085 GC heap before
{Heap before GC invocations=75 (full 0):
 garbage-first heap   total 314368K, used 265646K [0x0000000080000000, 0x0000000100000000)
  region size 1024K, 77 young (78848K), 2 survivors (2048K)
 Metaspace       used 170173K, committed 171136K, reserved 1204224K
  class space    used 21894K, committed 22336K, reserved 1048576K
}
Event: 24.090 GC heap after
{Heap after GC invocations=76 (full 0):
 garbage-first heap   total 314368K, used 196766K [0x0000000080000000, 0x0000000100000000)
  region size 1024K, 9 young (9216K), 9 survivors (9216K)
 Metaspace       used 170173K, committed 171136K, reserved 1204224K
  class space    used 21894K, committed 22336K, reserved 1048576K
}
Event: 24.426 GC heap before
{Heap before GC invocations=76 (full 0):
 garbage-first heap   total 314368K, used 263326K [0x0000000080000000, 0x0000000100000000)
  region size 1024K, 75 young (76800K), 9 survivors (9216K)
 Metaspace       used 171449K, committed 172288K, reserved 1204224K
  class space    used 22104K, committed 22528K, reserved 1048576K
}
Event: 24.432 GC heap after
{Heap after GC invocations=77 (full 0):
 garbage-first heap   total 314368K, used 205043K [0x0000000080000000, 0x0000000100000000)
  region size 1024K, 9 young (9216K), 9 survivors (9216K)
 Metaspace       used 171449K, committed 172288K, reserved 1204224K
  class space    used 22104K, committed 22528K, reserved 1048576K
}
Event: 24.906 GC heap before
{Heap before GC invocations=77 (full 0):
 garbage-first heap   total 314368K, used 262387K [0x0000000080000000, 0x0000000100000000)
  region size 1024K, 66 young (67584K), 9 survivors (9216K)
 Metaspace       used 176112K, committed 177024K, reserved 1204224K
  class space    used 22855K, committed 23296K, reserved 1048576K
}
Event: 24.914 GC heap after
{Heap after GC invocations=78 (full 0):
 garbage-first heap   total 314368K, used 214544K [0x0000000080000000, 0x0000000100000000)
  region size 1024K, 9 young (9216K), 9 survivors (9216K)
 Metaspace       used 176112K, committed 177024K, reserved 1204224K
  class space    used 22855K, committed 23296K, reserved 1048576K
}
Event: 25.199 GC heap before
{Heap before GC invocations=78 (full 0):
 garbage-first heap   total 314368K, used 263696K [0x0000000080000000, 0x0000000100000000)
  region size 1024K, 57 young (58368K), 9 survivors (9216K)
 Metaspace       used 177817K, committed 178688K, reserved 1204224K
  class space    used 23200K, committed 23616K, reserved 1048576K
}
Event: 25.209 GC heap after
{Heap after GC invocations=79 (full 0):
 garbage-first heap   total 314368K, used 224171K [0x0000000080000000, 0x0000000100000000)
  region size 1024K, 8 young (8192K), 8 survivors (8192K)
 Metaspace       used 177817K, committed 178688K, reserved 1204224K
  class space    used 23200K, committed 23616K, reserved 1048576K
}
Event: 25.472 GC heap before
{Heap before GC invocations=79 (full 0):
 garbage-first heap   total 314368K, used 264107K [0x0000000080000000, 0x0000000100000000)
  region size 1024K, 48 young (49152K), 8 survivors (8192K)
 Metaspace       used 180357K, committed 181312K, reserved 1212416K
  class space    used 23610K, committed 24064K, reserved 1048576K
}
Event: 25.480 GC heap after
{Heap after GC invocations=80 (full 0):
 garbage-first heap   total 314368K, used 231181K [0x0000000080000000, 0x0000000100000000)
  region size 1024K, 6 young (6144K), 6 survivors (6144K)
 Metaspace       used 180357K, committed 181312K, reserved 1212416K
  class space    used 23610K, committed 24064K, reserved 1048576K
}
Event: 25.553 GC heap before
{Heap before GC invocations=80 (full 0):
 garbage-first heap   total 314368K, used 265997K [0x0000000080000000, 0x0000000100000000)
  region size 1024K, 41 young (41984K), 6 survivors (6144K)
 Metaspace       used 181033K, committed 181952K, reserved 1212416K
  class space    used 23807K, committed 24256K, reserved 1048576K
}
Event: 25.560 GC heap after
{Heap after GC invocations=81 (full 0):
 garbage-first heap   total 314368K, used 237819K [0x0000000080000000, 0x0000000100000000)
  region size 1024K, 6 young (6144K), 6 survivors (6144K)
 Metaspace       used 181033K, committed 181952K, reserved 1212416K
  class space    used 23807K, committed 24256K, reserved 1048576K
}
Event: 25.646 GC heap before
{Heap before GC invocations=81 (full 0):
 garbage-first heap   total 314368K, used 268539K [0x0000000080000000, 0x0000000100000000)
  region size 1024K, 36 young (36864K), 6 survivors (6144K)
 Metaspace       used 181777K, committed 182656K, reserved 1212416K
  class space    used 24038K, committed 24448K, reserved 1048576K
}
Event: 25.652 GC heap after
{Heap after GC invocations=82 (full 0):
 garbage-first heap   total 314368K, used 242883K [0x0000000080000000, 0x0000000100000000)
  region size 1024K, 5 young (5120K), 5 survivors (5120K)
 Metaspace       used 181777K, committed 182656K, reserved 1212416K
  class space    used 24038K, committed 24448K, reserved 1048576K
}
Event: 25.783 GC heap before
{Heap before GC invocations=82 (full 0):
 garbage-first heap   total 314368K, used 268483K [0x0000000080000000, 0x0000000100000000)
  region size 1024K, 31 young (31744K), 5 survivors (5120K)
 Metaspace       used 182865K, committed 183808K, reserved 1212416K
  class space    used 24249K, committed 24704K, reserved 1048576K
}

